Build started 16/07/2015 14:19:06.
     1>Project "C:\Users\Paulo\Documents\Projects_GitHub\Vetores_Fisica_aula1\Vetores_Fisica_aula1\Vetores_Fisica_aula1.vcxproj" on node 2 (Build target(s)).
     1>ClCompile:
         C:\Program Files (x86)\Microsoft Visual Studio 12.0\VC\bin\CL.exe /c /ZI /nologo /W3 /WX- /sdl /Od /Oy- /D WIN32 /D _DEBUG /D _CONSOLE /D _LIB /D _UNICODE /D UNICODE /Gm /EHsc /RTC1 /MDd /GS /fp:precise /Zc:wchar_t /Zc:forScope /Fo"Debug\\" /Fd"Debug\vc120.pdb" /Gd /TP /analyze- /errorReport:prompt Main.cpp
         Main.cpp
     1>c:\users\paulo\documents\projects_github\vetores_fisica_aula1\vetores_fisica_aula1\main.cpp(47): warning C4244: 'argument' : conversion from 'int' to 'float', possible loss of data
     1>c:\users\paulo\documents\projects_github\vetores_fisica_aula1\vetores_fisica_aula1\main.cpp(59): warning C4244: 'argument' : conversion from 'int' to 'float', possible loss of data
     1>c:\users\paulo\documents\projects_github\vetores_fisica_aula1\vetores_fisica_aula1\main.cpp(82): warning C4244: 'argument' : conversion from 'float' to 'int', possible loss of data
     1>c:\users\paulo\documents\projects_github\vetores_fisica_aula1\vetores_fisica_aula1\main.cpp(84): warning C4244: 'argument' : conversion from 'float' to 'int', possible loss of data
     1>c:\users\paulo\documents\projects_github\vetores_fisica_aula1\vetores_fisica_aula1\main.cpp(86): warning C4244: 'argument' : conversion from 'float' to 'int', possible loss of data
     1>c:\users\paulo\documents\projects_github\vetores_fisica_aula1\vetores_fisica_aula1\main.cpp(88): warning C4244: 'argument' : conversion from 'float' to 'int', possible loss of data
     1>c:\users\paulo\documents\projects_github\vetores_fisica_aula1\vetores_fisica_aula1\main.cpp(120): warning C4715: 'SDL_main' : not all control paths return a value
       Link:
         C:\Program Files (x86)\Microsoft Visual Studio 12.0\VC\bin\link.exe /ERRORREPORT:PROMPT /OUT:"C:\Users\Paulo\Documents\Projects_GitHub\Vetores_Fisica_aula1\Debug\Vetores_Fisica_aula1.exe" /INCREMENTAL /NOLOGO kernel32.lib user32.lib gdi32.lib winspool.lib comdlg32.lib advapi32.lib shell32.lib ole32.lib oleaut32.lib uuid.lib odbc32.lib odbccp32.lib /MANIFEST /MANIFESTUAC:"level='asInvoker' uiAccess='false'" /manifest:embed /DEBUG /PDB:"C:\Users\Paulo\Documents\Projects_GitHub\Vetores_Fisica_aula1\Debug\Vetores_Fisica_aula1.pdb" /SUBSYSTEM:CONSOLE /TLBID:1 /DYNAMICBASE /NXCOMPAT /IMPLIB:"C:\Users\Paulo\Documents\Projects_GitHub\Vetores_Fisica_aula1\Debug\Vetores_Fisica_aula1.lib" /MACHINE:X86 sdl.lib sdlmain.lib opengl32.lib glu32.lib sdl_image.lib sdl_mixer.lib ca2.lib c2d2.lib cator.lib cm2.lib Debug\Main.obj
         Debug\AffineTransform.obj
         Debug\MathUtil.obj
         Debug\Matrix3.obj
         Debug\Vector2D.obj
         Debug\Vector3D.obj
         Vetores_Fisica_aula1.vcxproj -> C:\Users\Paulo\Documents\Projects_GitHub\Vetores_Fisica_aula1\Debug\Vetores_Fisica_aula1.exe
     1>Done Building Project "C:\Users\Paulo\Documents\Projects_GitHub\Vetores_Fisica_aula1\Vetores_Fisica_aula1\Vetores_Fisica_aula1.vcxproj" (Build target(s)).

Build succeeded.

Time Elapsed 00:00:01.60
